c:\users\arl94\source\repos\lexer\debug\vc142.pdb
c:\users\arl94\source\repos\lexer\debug\vc142.idb
c:\users\arl94\source\repos\lexer\debug\tuple.obj
c:\users\arl94\source\repos\lexer\debug\token.obj
c:\users\arl94\source\repos\lexer\debug\source.obj
c:\users\arl94\source\repos\lexer\debug\rule.obj
c:\users\arl94\source\repos\lexer\debug\relation.obj
c:\users\arl94\source\repos\lexer\debug\predicate.obj
c:\users\arl94\source\repos\lexer\debug\parser.obj
c:\users\arl94\source\repos\lexer\debug\parameter.obj
c:\users\arl94\source\repos\lexer\debug\lexer.obj
c:\users\arl94\source\repos\lexer\debug\interpreter.obj
c:\users\arl94\source\repos\lexer\debug\lexer.exe
c:\users\arl94\source\repos\lexer\debug\lexer.ilk
c:\users\arl94\source\repos\lexer\debug\lexer.pdb
c:\users\arl94\source\repos\lexer\debug\lexer.tlog\cl.command.1.tlog
c:\users\arl94\source\repos\lexer\debug\lexer.tlog\cl.read.1.tlog
c:\users\arl94\source\repos\lexer\debug\lexer.tlog\cl.write.1.tlog
c:\users\arl94\source\repos\lexer\debug\lexer.tlog\link.command.1.tlog
c:\users\arl94\source\repos\lexer\debug\lexer.tlog\link.read.1.tlog
c:\users\arl94\source\repos\lexer\debug\lexer.tlog\link.write.1.tlog
